<?xml version="1.0" encoding="UTF-8"?>
<!-- Generated by org.testng.reporters.JUnitReportReporter -->
<testsuite hostname="Heller-ROG-xFlow" failures="0" tests="2" name="CucumberOptions.TestNGTestRunner" time="9.638" errors="0" timestamp="2024-01-27T23:34:55 IST" skipped="0">
  <testcase classname="CucumberOptions.TestNGTestRunner" name="runScenario" time="4.737"/>
  <testcase classname="CucumberOptions.TestNGTestRunner" name="runScenario" time="4.901"/>
</testsuite> <!-- CucumberOptions.TestNGTestRunner -->
